build/app/intermediates/manifest_merge_blame_file/debug/manifest-merger-blame-debug-report.txt
1<?xml version="1.0" encoding="utf-8"?>
2<manifest xmlns:android="http://schemas.android.com/apk/res/android"
3    package="com.nesquik.com.projet_developement_nesquik"
4    android:versionCode="1"
5    android:versionName="1.0.0" >
6
7    <uses-sdk
8        android:minSdkVersion="20"
9        android:targetSdkVersion="30" />
10    <!--
11         Flutter needs it to communicate with the running application
12         to allow setting breakpoints, to provide hot reload, etc.
13    -->
14    <uses-permission android:name="android.permission.INTERNET" />
14-->src\debug\AndroidManifest.xml:6:5-66
14-->src\debug\AndroidManifest.xml:6:22-64
15    <uses-permission android:name="android.permission.ACCESS_NETWORK_STATE" />
15-->[com.google.firebase:firebase-auth:21.0.1] AndroidManifest.xml:24:5-79
15-->[com.google.firebase:firebase-auth:21.0.1] AndroidManifest.xml:24:22-76
16
17    <uses-feature
17-->[com.google.android.gms:play-services-maps:17.0.0] AndroidManifest.xml:26:5-28:35
18        android:glEsVersion="0x00020000"
18-->[com.google.android.gms:play-services-maps:17.0.0] AndroidManifest.xml:27:9-41
19        android:required="true" />
19-->[com.google.android.gms:play-services-maps:17.0.0] AndroidManifest.xml:28:9-32
20
21    <application
22        android:name="android.app.Application"
23        android:appComponentFactory="androidx.core.app.CoreComponentFactory"
23-->[androidx.core:core:1.6.0] AndroidManifest.xml:24:18-86
24        android:debuggable="true"
25        android:icon="@mipmap/ic_launcher"
26        android:label="projet_developement_nesquik" >
27        <activity
28            android:name="com.nesquik.com.projet_developement_nesquik.MainActivity"
29            android:configChanges="orientation|keyboardHidden|keyboard|screenSize|smallestScreenSize|locale|layoutDirection|fontScale|screenLayout|density|uiMode"
30            android:exported="true"
31            android:hardwareAccelerated="true"
32            android:launchMode="singleTop"
33            android:theme="@style/LaunchTheme"
34            android:windowSoftInputMode="adjustResize" >
35
36            <!--
37                 Specifies an Android theme to apply to this Activity as soon as
38                 the Android process has started. This theme is visible to the user
39                 while the Flutter UI initializes. After that, this theme continues
40                 to determine the Window background behind the Flutter UI.
41            -->
42            <meta-data
43                android:name="io.flutter.embedding.android.NormalTheme"
44                android:resource="@style/NormalTheme" />
45
46            <intent-filter>
47                <action android:name="android.intent.action.MAIN" />
48
49                <category android:name="android.intent.category.LAUNCHER" />
50            </intent-filter>
51        </activity>
52        <!--
53             Don't delete the meta-data below.
54             This is used by the Flutter tool to generate GeneratedPluginRegistrant.java
55        -->
56        <meta-data
57            android:name="flutterEmbedding"
58            android:value="2" />
59        <meta-data
60            android:name="com.google.android.geo.API_KEY"
61            android:value="AIzaSyCi9kiN8-WCbS8Mt7dR_yZUnWJ2BPNpL9w" />
62
63        <service
63-->[:firebase_auth] AndroidManifest.xml:10:9-14:19
64            android:name="com.google.firebase.components.ComponentDiscoveryService"
64-->[:firebase_auth] AndroidManifest.xml:10:18-89
65            android:directBootAware="true"
65-->[com.google.firebase:firebase-common:20.0.0] AndroidManifest.xml:35:13-43
66            android:exported="false" >
66-->[com.google.firebase:firebase-auth:21.0.1] AndroidManifest.xml:76:13-37
67            <meta-data
67-->[:firebase_auth] AndroidManifest.xml:11:13-13:85
68                android:name="com.google.firebase.components:io.flutter.plugins.firebase.auth.FlutterFirebaseAuthRegistrar"
68-->[:firebase_auth] AndroidManifest.xml:12:17-124
69                android:value="com.google.firebase.components.ComponentRegistrar" />
69-->[:firebase_auth] AndroidManifest.xml:13:17-82
70            <meta-data
70-->[:firebase_core] AndroidManifest.xml:11:13-13:85
71                android:name="com.google.firebase.components:io.flutter.plugins.firebase.core.FlutterFirebaseCoreRegistrar"
71-->[:firebase_core] AndroidManifest.xml:12:17-124
72                android:value="com.google.firebase.components.ComponentRegistrar" />
72-->[:firebase_core] AndroidManifest.xml:13:17-82
73            <meta-data
73-->[com.google.firebase:firebase-auth:21.0.1] AndroidManifest.xml:77:13-79:85
74                android:name="com.google.firebase.components:com.google.firebase.auth.FirebaseAuthRegistrar"
74-->[com.google.firebase:firebase-auth:21.0.1] AndroidManifest.xml:78:17-109
75                android:value="com.google.firebase.components.ComponentRegistrar" />
75-->[com.google.firebase:firebase-auth:21.0.1] AndroidManifest.xml:79:17-82
76        </service>
77
78        <uses-library
78-->[androidx.window:window:1.0.0-beta04] AndroidManifest.xml:25:9-27:40
79            android:name="androidx.window.extensions"
79-->[androidx.window:window:1.0.0-beta04] AndroidManifest.xml:26:13-54
80            android:required="false" />
80-->[androidx.window:window:1.0.0-beta04] AndroidManifest.xml:27:13-37
81        <uses-library
81-->[androidx.window:window:1.0.0-beta04] AndroidManifest.xml:28:9-30:40
82            android:name="androidx.window.sidecar"
82-->[androidx.window:window:1.0.0-beta04] AndroidManifest.xml:29:13-51
83            android:required="false" />
83-->[androidx.window:window:1.0.0-beta04] AndroidManifest.xml:30:13-37
84
85        <activity
85-->[com.google.firebase:firebase-auth:21.0.1] AndroidManifest.xml:27:9-44:20
86            android:name="com.google.firebase.auth.internal.GenericIdpActivity"
86-->[com.google.firebase:firebase-auth:21.0.1] AndroidManifest.xml:28:13-80
87            android:excludeFromRecents="true"
87-->[com.google.firebase:firebase-auth:21.0.1] AndroidManifest.xml:29:13-46
88            android:exported="true"
88-->[com.google.firebase:firebase-auth:21.0.1] AndroidManifest.xml:30:13-36
89            android:launchMode="singleTask"
89-->[com.google.firebase:firebase-auth:21.0.1] AndroidManifest.xml:31:13-44
90            android:theme="@android:style/Theme.Translucent.NoTitleBar" >
90-->[com.google.firebase:firebase-auth:21.0.1] AndroidManifest.xml:32:13-72
91            <intent-filter>
91-->[com.google.firebase:firebase-auth:21.0.1] AndroidManifest.xml:33:13-43:29
92                <action android:name="android.intent.action.VIEW" />
92-->[com.google.firebase:firebase-auth:21.0.1] AndroidManifest.xml:34:17-69
92-->[com.google.firebase:firebase-auth:21.0.1] AndroidManifest.xml:34:25-66
93
94                <category android:name="android.intent.category.DEFAULT" />
94-->[com.google.firebase:firebase-auth:21.0.1] AndroidManifest.xml:36:17-76
94-->[com.google.firebase:firebase-auth:21.0.1] AndroidManifest.xml:36:27-73
95                <category android:name="android.intent.category.BROWSABLE" />
95-->[com.google.firebase:firebase-auth:21.0.1] AndroidManifest.xml:37:17-78
95-->[com.google.firebase:firebase-auth:21.0.1] AndroidManifest.xml:37:27-75
96
97                <data
97-->[com.google.firebase:firebase-auth:21.0.1] AndroidManifest.xml:39:17-42:51
98                    android:host="firebase.auth"
98-->[com.google.firebase:firebase-auth:21.0.1] AndroidManifest.xml:40:21-49
99                    android:path="/"
99-->[com.google.firebase:firebase-auth:21.0.1] AndroidManifest.xml:41:21-37
100                    android:scheme="genericidp" />
100-->[com.google.firebase:firebase-auth:21.0.1] AndroidManifest.xml:42:21-48
101            </intent-filter>
102        </activity>
103        <activity
103-->[com.google.firebase:firebase-auth:21.0.1] AndroidManifest.xml:45:9-62:20
104            android:name="com.google.firebase.auth.internal.RecaptchaActivity"
104-->[com.google.firebase:firebase-auth:21.0.1] AndroidManifest.xml:46:13-79
105            android:excludeFromRecents="true"
105-->[com.google.firebase:firebase-auth:21.0.1] AndroidManifest.xml:47:13-46
106            android:exported="true"
106-->[com.google.firebase:firebase-auth:21.0.1] AndroidManifest.xml:48:13-36
107            android:launchMode="singleTask"
107-->[com.google.firebase:firebase-auth:21.0.1] AndroidManifest.xml:49:13-44
108            android:theme="@android:style/Theme.Translucent.NoTitleBar" >
108-->[com.google.firebase:firebase-auth:21.0.1] AndroidManifest.xml:50:13-72
109            <intent-filter>
109-->[com.google.firebase:firebase-auth:21.0.1] AndroidManifest.xml:51:13-61:29
110                <action android:name="android.intent.action.VIEW" />
110-->[com.google.firebase:firebase-auth:21.0.1] AndroidManifest.xml:34:17-69
110-->[com.google.firebase:firebase-auth:21.0.1] AndroidManifest.xml:34:25-66
111
112                <category android:name="android.intent.category.DEFAULT" />
112-->[com.google.firebase:firebase-auth:21.0.1] AndroidManifest.xml:36:17-76
112-->[com.google.firebase:firebase-auth:21.0.1] AndroidManifest.xml:36:27-73
113                <category android:name="android.intent.category.BROWSABLE" />
113-->[com.google.firebase:firebase-auth:21.0.1] AndroidManifest.xml:37:17-78
113-->[com.google.firebase:firebase-auth:21.0.1] AndroidManifest.xml:37:27-75
114
115                <data
115-->[com.google.firebase:firebase-auth:21.0.1] AndroidManifest.xml:39:17-42:51
116                    android:host="firebase.auth"
116-->[com.google.firebase:firebase-auth:21.0.1] AndroidManifest.xml:40:21-49
117                    android:path="/"
117-->[com.google.firebase:firebase-auth:21.0.1] AndroidManifest.xml:41:21-37
118                    android:scheme="recaptcha" />
118-->[com.google.firebase:firebase-auth:21.0.1] AndroidManifest.xml:42:21-48
119            </intent-filter>
120        </activity>
121
122        <service
122-->[com.google.firebase:firebase-auth:21.0.1] AndroidManifest.xml:64:9-73:19
123            android:name="com.google.firebase.auth.api.fallback.service.FirebaseAuthFallbackService"
123-->[com.google.firebase:firebase-auth:21.0.1] AndroidManifest.xml:65:13-101
124            android:enabled="true"
124-->[com.google.firebase:firebase-auth:21.0.1] AndroidManifest.xml:66:13-35
125            android:exported="false" >
125-->[com.google.firebase:firebase-auth:21.0.1] AndroidManifest.xml:67:13-37
126            <intent-filter>
126-->[com.google.firebase:firebase-auth:21.0.1] AndroidManifest.xml:68:13-72:29
127                <action android:name="com.google.firebase.auth.api.gms.service.START" />
127-->[com.google.firebase:firebase-auth:21.0.1] AndroidManifest.xml:69:17-89
127-->[com.google.firebase:firebase-auth:21.0.1] AndroidManifest.xml:69:25-86
128
129                <category android:name="android.intent.category.DEFAULT" />
129-->[com.google.firebase:firebase-auth:21.0.1] AndroidManifest.xml:36:17-76
129-->[com.google.firebase:firebase-auth:21.0.1] AndroidManifest.xml:36:27-73
130            </intent-filter>
131        </service>
132
133        <provider
133-->[com.google.firebase:firebase-common:20.0.0] AndroidManifest.xml:26:9-31:39
134            android:name="com.google.firebase.provider.FirebaseInitProvider"
134-->[com.google.firebase:firebase-common:20.0.0] AndroidManifest.xml:27:13-77
135            android:authorities="com.nesquik.com.projet_developement_nesquik.firebaseinitprovider"
135-->[com.google.firebase:firebase-common:20.0.0] AndroidManifest.xml:28:13-72
136            android:directBootAware="true"
136-->[com.google.firebase:firebase-common:20.0.0] AndroidManifest.xml:29:13-43
137            android:exported="false"
137-->[com.google.firebase:firebase-common:20.0.0] AndroidManifest.xml:30:13-37
138            android:initOrder="100" /> <!-- Needs to be explicitly declared on P+ -->
138-->[com.google.firebase:firebase-common:20.0.0] AndroidManifest.xml:31:13-36
139        <uses-library
139-->[com.google.android.gms:play-services-maps:17.0.0] AndroidManifest.xml:33:9-35:40
140            android:name="org.apache.http.legacy"
140-->[com.google.android.gms:play-services-maps:17.0.0] AndroidManifest.xml:34:13-50
141            android:required="false" />
141-->[com.google.android.gms:play-services-maps:17.0.0] AndroidManifest.xml:35:13-37
142
143        <activity
143-->[com.google.android.gms:play-services-base:17.1.0] AndroidManifest.xml:23:9-26:75
144            android:name="com.google.android.gms.common.api.GoogleApiActivity"
144-->[com.google.android.gms:play-services-base:17.1.0] AndroidManifest.xml:24:13-79
145            android:exported="false"
145-->[com.google.android.gms:play-services-base:17.1.0] AndroidManifest.xml:25:13-37
146            android:theme="@android:style/Theme.Translucent.NoTitleBar" />
146-->[com.google.android.gms:play-services-base:17.1.0] AndroidManifest.xml:26:13-72
147
148        <meta-data
148-->[com.google.android.gms:play-services-basement:17.1.0] AndroidManifest.xml:23:9-25:69
149            android:name="com.google.android.gms.version"
149-->[com.google.android.gms:play-services-basement:17.1.0] AndroidManifest.xml:24:13-58
150            android:value="@integer/google_play_services_version" />
150-->[com.google.android.gms:play-services-basement:17.1.0] AndroidManifest.xml:25:13-66
151    </application>
152
153</manifest>